#################################################################
# If you used AutoDock Vina in your work, please cite:          #
#                                                               #
# O. Trott, A. J. Olson,                                        #
# AutoDock Vina: improving the speed and accuracy of docking    #
# with a new scoring function, efficient optimization and       #
# multithreading, Journal of Computational Chemistry 31 (2010)  #
# 455-461                                                       #
#                                                               #
# DOI 10.1002/jcc.21334                                         #
#                                                               #
# Please see http://vina.scripps.edu for more information.      #
#################################################################

WARNING: The search space volume > 27000 Angstrom^3 (See FAQ)
Output will be Trifluridine.pdbqt_out.pdbqt
Detected 8 CPUs
Reading input ... done.
Setting up the scoring function ... done.
Analyzing the binding site ... done.
Using random seed: 63742173
Performing search ... done.
Refining results ... done.

mode |   affinity | dist from best mode
     | (kcal/mol) | rmsd l.b.| rmsd u.b.
-----+------------+----------+----------
   1         -6.5      0.000      0.000
   2         -5.9      3.273      3.884
   3         -5.5      3.657      4.402
   4         -5.5      3.757      4.771
   5         -5.3      3.804      4.808
   6         -5.3     56.415     57.906
   7         -5.2     17.433     18.015
   8         -5.1     17.517     18.422
   9         -4.8     60.308     62.835
Writing output ... done.
