#################################################################
# If you used AutoDock Vina in your work, please cite:          #
#                                                               #
# O. Trott, A. J. Olson,                                        #
# AutoDock Vina: improving the speed and accuracy of docking    #
# with a new scoring function, efficient optimization and       #
# multithreading, Journal of Computational Chemistry 31 (2010)  #
# 455-461                                                       #
#                                                               #
# DOI 10.1002/jcc.21334                                         #
#                                                               #
# Please see http://vina.scripps.edu for more information.      #
#################################################################

WARNING: The search space volume > 27000 Angstrom^3 (See FAQ)
Output will be RetinoicAcid.pdbqt_out.pdbqt
Detected 32 CPUs
WARNING: at low exhaustiveness, it may be impossible to utilize all CPUs
Reading input ... done.
Setting up the scoring function ... done.
Analyzing the binding site ... done.
Using random seed: 1536156496
Performing search ... done.
Refining results ... done.

mode |   affinity | dist from best mode
     | (kcal/mol) | rmsd l.b.| rmsd u.b.
-----+------------+----------+----------
   1         -6.3      0.000      0.000
   2         -6.3      1.781      2.251
   3         -6.0     14.372     18.230
   4         -5.9     14.780     16.336
   5         -5.9     16.827     19.512
   6         -5.9     13.933     15.576
   7         -5.7     12.994     15.954
   8         -5.6      7.514     10.783
   9         -5.5     15.850     18.386
Writing output ... done.
