#################################################################
# If you used AutoDock Vina in your work, please cite:          #
#                                                               #
# O. Trott, A. J. Olson,                                        #
# AutoDock Vina: improving the speed and accuracy of docking    #
# with a new scoring function, efficient optimization and       #
# multithreading, Journal of Computational Chemistry 31 (2010)  #
# 455-461                                                       #
#                                                               #
# DOI 10.1002/jcc.21334                                         #
#                                                               #
# Please see http://vina.scripps.edu for more information.      #
#################################################################

WARNING: The search space volume > 27000 Angstrom^3 (See FAQ)
Output will be Calcitriol.pdbqt_out.pdbqt
Detected 32 CPUs
WARNING: at low exhaustiveness, it may be impossible to utilize all CPUs
Reading input ... done.
Setting up the scoring function ... done.
Analyzing the binding site ... done.
Using random seed: -485309568
Performing search ... done.
Refining results ... done.

mode |   affinity | dist from best mode
     | (kcal/mol) | rmsd l.b.| rmsd u.b.
-----+------------+----------+----------
   1         -5.0      0.000      0.000
   2         -4.8     14.102     20.189
   3         -4.8      1.841      2.541
   4         -4.7      1.202      2.243
   5         -4.7     16.559     21.163
   6         -4.6     12.004     13.626
   7         -4.6     12.203     13.446
   8         -4.5     11.763     16.089
   9         -4.5      3.168      3.900
Writing output ... done.
