#################################################################
# If you used AutoDock Vina in your work, please cite:          #
#                                                               #
# O. Trott, A. J. Olson,                                        #
# AutoDock Vina: improving the speed and accuracy of docking    #
# with a new scoring function, efficient optimization and       #
# multithreading, Journal of Computational Chemistry 31 (2010)  #
# 455-461                                                       #
#                                                               #
# DOI 10.1002/jcc.21334                                         #
#                                                               #
# Please see http://vina.scripps.edu for more information.      #
#################################################################

WARNING: The search space volume > 27000 Angstrom^3 (See FAQ)
Output will be 5289155_Peridinin.pdbqt_out.pdbqt
Detected 8 CPUs
Reading input ... done.
Setting up the scoring function ... done.
Analyzing the binding site ... done.
Using random seed: -352647260
Performing search ... done.
Refining results ... done.

mode |   affinity | dist from best mode
     | (kcal/mol) | rmsd l.b.| rmsd u.b.
-----+------------+----------+----------
   1         -6.8      0.000      0.000
   2         -6.4     20.597     23.109
   3         -6.3     19.739     23.385
   4         -6.3     19.276     22.998
   5         -6.1     10.376     24.487
   6         -6.1     19.221     21.909
   7         -6.1     27.468     32.811
   8         -6.1     19.755     21.949
   9         -6.1     22.252     28.511
Writing output ... done.
