#################################################################
# If you used AutoDock Vina in your work, please cite:          #
#                                                               #
# O. Trott, A. J. Olson,                                        #
# AutoDock Vina: improving the speed and accuracy of docking    #
# with a new scoring function, efficient optimization and       #
# multithreading, Journal of Computational Chemistry 31 (2010)  #
# 455-461                                                       #
#                                                               #
# DOI 10.1002/jcc.21334                                         #
#                                                               #
# Please see http://vina.scripps.edu for more information.      #
#################################################################

WARNING: The search space volume > 27000 Angstrom^3 (See FAQ)
Output will be 5281698_sexangularetin.pdbqt_out.pdbqt
Detected 32 CPUs
WARNING: at low exhaustiveness, it may be impossible to utilize all CPUs
Reading input ... done.
Setting up the scoring function ... done.
Analyzing the binding site ... done.
Using random seed: 1698323750
Performing search ... done.
Refining results ... done.

mode |   affinity | dist from best mode
     | (kcal/mol) | rmsd l.b.| rmsd u.b.
-----+------------+----------+----------
   1         -5.7      0.000      0.000
   2         -5.5     14.627     18.239
   3         -5.5      7.615     10.614
   4         -5.4     19.822     21.783
   5         -5.4     13.011     14.885
   6         -5.3     22.874     25.992
   7         -5.3     17.652     19.658
   8         -5.2     17.428     19.073
   9         -5.2     30.515     32.008
Writing output ... done.
