#################################################################
# If you used AutoDock Vina in your work, please cite:          #
#                                                               #
# O. Trott, A. J. Olson,                                        #
# AutoDock Vina: improving the speed and accuracy of docking    #
# with a new scoring function, efficient optimization and       #
# multithreading, Journal of Computational Chemistry 31 (2010)  #
# 455-461                                                       #
#                                                               #
# DOI 10.1002/jcc.21334                                         #
#                                                               #
# Please see http://vina.scripps.edu for more information.      #
#################################################################

WARNING: The search space volume > 27000 Angstrom^3 (See FAQ)
Output will be 1174_Uracil.pdbqt_out.pdbqt
Detected 32 CPUs
WARNING: at low exhaustiveness, it may be impossible to utilize all CPUs
Reading input ... done.
Setting up the scoring function ... done.
Analyzing the binding site ... done.
Using random seed: 395891476
Performing search ... done.
Refining results ... done.

mode |   affinity | dist from best mode
     | (kcal/mol) | rmsd l.b.| rmsd u.b.
-----+------------+----------+----------
   1         -3.7      0.000      0.000
   2         -3.3      1.177      2.808
   3         -3.2     42.663     43.469
   4         -3.2     33.572     34.539
   5         -3.1     23.598     24.198
   6         -3.0     29.830     30.715
   7         -3.0     40.540     41.327
   8         -2.9     27.982     28.818
   9         -2.8     18.168     19.143
Writing output ... done.
